<?xml version="1.0" encoding="UTF-8"?>
<!-- Generated by org.testng.reporters.JUnitReportReporter -->
<testsuite hostname="kairosHW0443" failures="0" tests="2" name="testRunner.RunnerClass" time="91.447" errors="0" timestamp="2023-06-20T10:19:39 IST" skipped="0">
  <testcase classname="testRunner.RunnerClass" name="runScenario" time="26.790"/>
  <system-out>
    <![CDATA[--Browser chrome launched successfully--]]>
  </system-out>
  <testcase classname="testRunner.RunnerClass" name="runScenario" time="64.657"/>
  <system-out>
    <![CDATA[--Browser chrome launched successfully--
card  details]]>
  </system-out>
</testsuite> <!-- testRunner.RunnerClass -->
